<?xml version="1.0" encoding="UTF-8" ?>
<testsuite errors="0" failures="0" hostname="tgn-ub-dsk-64" name="com.gtunes.UserTests" tests="1" time="0.0070" timestamp="2010-10-15T01:30:43">
  <properties />
  <testcase classname="com.gtunes.UserTests" name="testSomething" time="0.0040" />
  <system-out><![CDATA[--Output from testSomething--
]]></system-out>
  <system-err><![CDATA[--Output from testSomething--
]]></system-err>
</testsuite>
